[2025-06-30 14:09:43,419] 18 root - INFO - Starting Data Ingestion Pipeline
[2025-06-30 14:09:43,420] 97 root - INFO - Starting data ingestion process
[2025-06-30 14:09:43,420] 36 root - INFO - Exporting collection to DataFrame
[2025-06-30 14:09:45,460] 99 root - INFO - Data exported from MongoDB collection successfully
[2025-06-30 14:09:45,564] 64 root - INFO - Data exported to feature store at Artifacts\2025-06-30-14-09-38\data_ingestion\feature_store\phisingData.csv
[2025-06-30 14:09:45,564] 101 root - INFO - Data exported to feature store successfully
[2025-06-30 14:09:45,568] 80 root - INFO - Performed train-test split on the DataFrame
[2025-06-30 14:09:45,576] 82 root - INFO - Exited split_data_as_train_test method of Data_Ingestion class
[2025-06-30 14:09:45,576] 86 root - INFO - Exporting train and test file paths
[2025-06-30 14:09:45,672] 89 root - INFO - Train and test data exported to Artifacts\2025-06-30-14-09-38\data_ingestion\ingested\train.csv and Artifacts\2025-06-30-14-09-38\data_ingestion\ingested\test.csv
[2025-06-30 14:09:45,672] 103 root - INFO - Data split into training and testing sets successfully
[2025-06-30 14:09:45,678] 20 root - INFO - Data Ingestion Artifact Created Successfully
[2025-06-30 14:09:45,683] 26 root - INFO - Starting Data Validation Pipeline
[2025-06-30 14:09:45,683] 27 root - INFO - Data Ingestion Pipeline Completed Successfully
[2025-06-30 14:09:45,683] 92 root - INFO - Starting data validation
[2025-06-30 14:09:45,706] 99 root - INFO - Data loaded successfully for validation
[2025-06-30 14:09:45,706] 39 root - INFO - Expected number of columns: 2, Actual number of columns: 31
[2025-06-30 14:09:45,706] 39 root - INFO - Expected number of columns: 2, Actual number of columns: 31
[2025-06-30 14:09:45,925] 30 root - INFO - Data Validation Artifact Created Successfully
[2025-06-30 14:09:45,925] 35 root - INFO - Starting Data Transformation Pipeline
[2025-06-30 14:09:45,926] 60 root - INFO - Entered initiate_data_transformation method of DataTransformation class
[2025-06-30 14:09:45,926] 62 root - INFO - Starting data transformation
[2025-06-30 14:09:45,954] 45 root - INFO - Entered get_data_trnasformer_object method of Trnasformation class
[2025-06-30 14:09:45,954] 50 root - INFO - Initialise KNNImputer with {'missing_values': nan, 'n_neighbors': 3, 'weights': 'uniform'}
[2025-06-30 14:09:45,979] 66 root - INFO - Entered the save_object method of MainUtils class
[2025-06-30 14:09:45,979] 70 root - INFO - Exited the save_object method of MainUtils class
[2025-06-30 14:09:45,979] 66 root - INFO - Entered the save_object method of MainUtils class
[2025-06-30 14:09:45,988] 70 root - INFO - Exited the save_object method of MainUtils class
[2025-06-30 14:09:45,988] 37 root - INFO - Data Transformation Artifact Created Successfully
[2025-06-30 14:09:45,988] 39 root - INFO - Data Transformation Pipeline Completed Successfully
[2025-06-30 14:09:45,988] 41 root - INFO - Model Trainer Pipeline Started
[2025-06-30 14:09:45,988] 133 root - INFO - Loading transformed train and test data.
