[2025-06-30 14:37:55,603] 18 root - INFO - Starting Data Ingestion Pipeline
[2025-06-30 14:37:55,603] 97 root - INFO - Starting data ingestion process
[2025-06-30 14:37:55,603] 36 root - INFO - Exporting collection to DataFrame
[2025-06-30 14:37:57,518] 99 root - INFO - Data exported from MongoDB collection successfully
[2025-06-30 14:37:57,569] 64 root - INFO - Data exported to feature store at Artifacts\2025-06-30-14-37-51\data_ingestion\feature_store\phisingData.csv
[2025-06-30 14:37:57,569] 101 root - INFO - Data exported to feature store successfully
[2025-06-30 14:37:57,569] 80 root - INFO - Performed train-test split on the DataFrame
[2025-06-30 14:37:57,590] 82 root - INFO - Exited split_data_as_train_test method of Data_Ingestion class
[2025-06-30 14:37:57,590] 86 root - INFO - Exporting train and test file paths
[2025-06-30 14:37:57,693] 89 root - INFO - Train and test data exported to Artifacts\2025-06-30-14-37-51\data_ingestion\ingested\train.csv and Artifacts\2025-06-30-14-37-51\data_ingestion\ingested\test.csv
[2025-06-30 14:37:57,693] 103 root - INFO - Data split into training and testing sets successfully
[2025-06-30 14:37:57,693] 20 root - INFO - Data Ingestion Artifact Created Successfully
[2025-06-30 14:37:57,705] 26 root - INFO - Starting Data Validation Pipeline
[2025-06-30 14:37:57,705] 27 root - INFO - Data Ingestion Pipeline Completed Successfully
[2025-06-30 14:37:57,705] 92 root - INFO - Starting data validation
[2025-06-30 14:37:57,734] 99 root - INFO - Data loaded successfully for validation
[2025-06-30 14:37:57,734] 39 root - INFO - Expected number of columns: 2, Actual number of columns: 31
[2025-06-30 14:37:57,734] 39 root - INFO - Expected number of columns: 2, Actual number of columns: 31
[2025-06-30 14:37:57,968] 30 root - INFO - Data Validation Artifact Created Successfully
[2025-06-30 14:37:57,968] 35 root - INFO - Starting Data Transformation Pipeline
[2025-06-30 14:37:57,968] 60 root - INFO - Entered initiate_data_transformation method of DataTransformation class
[2025-06-30 14:37:57,968] 62 root - INFO - Starting data transformation
[2025-06-30 14:37:58,000] 45 root - INFO - Entered get_data_trnasformer_object method of Trnasformation class
[2025-06-30 14:37:58,000] 50 root - INFO - Initialise KNNImputer with {'missing_values': nan, 'n_neighbors': 3, 'weights': 'uniform'}
[2025-06-30 14:37:58,000] 66 root - INFO - Entered the save_object method of MainUtils class
[2025-06-30 14:37:58,017] 70 root - INFO - Exited the save_object method of MainUtils class
[2025-06-30 14:37:58,017] 66 root - INFO - Entered the save_object method of MainUtils class
[2025-06-30 14:37:58,021] 70 root - INFO - Exited the save_object method of MainUtils class
[2025-06-30 14:37:58,021] 37 root - INFO - Data Transformation Artifact Created Successfully
[2025-06-30 14:37:58,021] 39 root - INFO - Data Transformation Pipeline Completed Successfully
[2025-06-30 14:37:58,021] 41 root - INFO - Model Trainer Pipeline Started
[2025-06-30 14:37:58,021] 145 root - INFO - Loading transformed train and test data.
[2025-06-30 14:42:35,179] 82 root - INFO - Entered the load_object method of MainUtils class
[2025-06-30 14:42:35,191] 66 root - INFO - Entered the save_object method of MainUtils class
[2025-06-30 14:42:35,282] 70 root - INFO - Exited the save_object method of MainUtils class
[2025-06-30 14:42:35,282] 133 root - INFO - Model Trainer Artifact: ModelTrainerArtifact(trained_model_file_path='Artifacts\\2025-06-30-14-37-51\\model_trainer\\trained_model\\model.pkl', train_metric_artifact=ClassificationMetricArtifact(f1_score=0.9915538821613921, precision_score=0.989238578680203, recall_score=0.9938800489596084), test_metric_artifact=ClassificationMetricArtifact(f1_score=0.970367443698143, precision_score=0.9623824451410659, recall_score=0.9784860557768924))
[2025-06-30 14:42:35,290] 160 root - INFO - Model Trainer Artifact: ModelTrainerArtifact(trained_model_file_path='Artifacts\\2025-06-30-14-37-51\\model_trainer\\trained_model\\model.pkl', train_metric_artifact=ClassificationMetricArtifact(f1_score=0.9915538821613921, precision_score=0.989238578680203, recall_score=0.9938800489596084), test_metric_artifact=ClassificationMetricArtifact(f1_score=0.970367443698143, precision_score=0.9623824451410659, recall_score=0.9784860557768924))
[2025-06-30 14:42:35,292] 46 root - INFO - Model Trainer Artifact Created Successfully
[2025-06-30 14:42:35,294] 48 root - INFO - Model Trainer Pipeline Completed Successfully
