[2025-06-30 13:54:54,150] 18 root - INFO - Starting Data Ingestion Pipeline
[2025-06-30 13:54:54,153] 97 root - INFO - Starting data ingestion process
[2025-06-30 13:54:54,154] 36 root - INFO - Exporting collection to DataFrame
[2025-06-30 13:54:56,662] 99 root - INFO - Data exported from MongoDB collection successfully
[2025-06-30 13:54:56,863] 64 root - INFO - Data exported to feature store at Artifacts\2025-06-30-13-54-29\data_ingestion\feature_store\phisingData.csv
[2025-06-30 13:54:56,864] 101 root - INFO - Data exported to feature store successfully
[2025-06-30 13:54:56,876] 80 root - INFO - Performed train-test split on the DataFrame
[2025-06-30 13:54:56,877] 82 root - INFO - Exited split_data_as_train_test method of Data_Ingestion class
[2025-06-30 13:54:56,879] 86 root - INFO - Exporting train and test file paths
[2025-06-30 13:54:57,094] 89 root - INFO - Train and test data exported to Artifacts\2025-06-30-13-54-29\data_ingestion\ingested\train.csv and Artifacts\2025-06-30-13-54-29\data_ingestion\ingested\test.csv
[2025-06-30 13:54:57,095] 103 root - INFO - Data split into training and testing sets successfully
[2025-06-30 13:54:57,095] 20 root - INFO - Data Ingestion Artifact Created Successfully
[2025-06-30 13:54:57,110] 26 root - INFO - Starting Data Validation Pipeline
[2025-06-30 13:54:57,111] 27 root - INFO - Data Ingestion Pipeline Completed Successfully
[2025-06-30 13:54:57,111] 92 root - INFO - Starting data validation
[2025-06-30 13:54:57,221] 99 root - INFO - Data loaded successfully for validation
[2025-06-30 13:54:57,221] 39 root - INFO - Expected number of columns: 2, Actual number of columns: 31
[2025-06-30 13:54:57,222] 39 root - INFO - Expected number of columns: 2, Actual number of columns: 31
[2025-06-30 13:54:57,949] 30 root - INFO - Data Validation Artifact Created Successfully
[2025-06-30 13:54:57,956] 35 root - INFO - Starting Data Transformation Pipeline
[2025-06-30 13:54:57,956] 60 root - INFO - Entered initiate_data_transformation method of DataTransformation class
[2025-06-30 13:54:57,960] 62 root - INFO - Starting data transformation
[2025-06-30 13:54:58,057] 45 root - INFO - Entered get_data_trnasformer_object method of Trnasformation class
[2025-06-30 13:54:58,057] 50 root - INFO - Initialise KNNImputer with {'missing_values': nan, 'n_neighbors': 3, 'weights': 'uniform'}
[2025-06-30 13:54:58,109] 66 root - INFO - Entered the save_object method of MainUtils class
[2025-06-30 13:54:58,129] 70 root - INFO - Exited the save_object method of MainUtils class
[2025-06-30 13:54:58,129] 66 root - INFO - Entered the save_object method of MainUtils class
[2025-06-30 13:54:58,147] 70 root - INFO - Exited the save_object method of MainUtils class
[2025-06-30 13:54:58,149] 37 root - INFO - Data Transformation Artifact Created Successfully
[2025-06-30 13:54:58,156] 39 root - INFO - Data Transformation Pipeline Completed Successfully
[2025-06-30 13:54:58,156] 41 root - INFO - Model Trainer Pipeline Started
[2025-06-30 13:54:58,157] 133 root - INFO - Loading transformed train and test data.
