[2025-06-30 14:26:57,580] 18 root - INFO - Starting Data Ingestion Pipeline
[2025-06-30 14:26:57,580] 97 root - INFO - Starting data ingestion process
[2025-06-30 14:26:57,580] 36 root - INFO - Exporting collection to DataFrame
[2025-06-30 14:26:59,394] 99 root - INFO - Data exported from MongoDB collection successfully
[2025-06-30 14:26:59,441] 64 root - INFO - Data exported to feature store at Artifacts\2025-06-30-14-26-53\data_ingestion\feature_store\phisingData.csv
[2025-06-30 14:26:59,441] 101 root - INFO - Data exported to feature store successfully
[2025-06-30 14:26:59,456] 80 root - INFO - Performed train-test split on the DataFrame
[2025-06-30 14:26:59,466] 82 root - INFO - Exited split_data_as_train_test method of Data_Ingestion class
[2025-06-30 14:26:59,466] 86 root - INFO - Exporting train and test file paths
[2025-06-30 14:26:59,525] 89 root - INFO - Train and test data exported to Artifacts\2025-06-30-14-26-53\data_ingestion\ingested\train.csv and Artifacts\2025-06-30-14-26-53\data_ingestion\ingested\test.csv
[2025-06-30 14:26:59,525] 103 root - INFO - Data split into training and testing sets successfully
[2025-06-30 14:26:59,525] 20 root - INFO - Data Ingestion Artifact Created Successfully
[2025-06-30 14:26:59,525] 26 root - INFO - Starting Data Validation Pipeline
[2025-06-30 14:26:59,525] 27 root - INFO - Data Ingestion Pipeline Completed Successfully
[2025-06-30 14:26:59,525] 92 root - INFO - Starting data validation
[2025-06-30 14:26:59,561] 99 root - INFO - Data loaded successfully for validation
[2025-06-30 14:26:59,561] 39 root - INFO - Expected number of columns: 2, Actual number of columns: 31
[2025-06-30 14:26:59,561] 39 root - INFO - Expected number of columns: 2, Actual number of columns: 31
[2025-06-30 14:26:59,725] 30 root - INFO - Data Validation Artifact Created Successfully
[2025-06-30 14:26:59,725] 35 root - INFO - Starting Data Transformation Pipeline
[2025-06-30 14:26:59,725] 60 root - INFO - Entered initiate_data_transformation method of DataTransformation class
[2025-06-30 14:26:59,725] 62 root - INFO - Starting data transformation
[2025-06-30 14:26:59,746] 45 root - INFO - Entered get_data_trnasformer_object method of Trnasformation class
[2025-06-30 14:26:59,746] 50 root - INFO - Initialise KNNImputer with {'missing_values': nan, 'n_neighbors': 3, 'weights': 'uniform'}
[2025-06-30 14:26:59,777] 66 root - INFO - Entered the save_object method of MainUtils class
[2025-06-30 14:26:59,781] 70 root - INFO - Exited the save_object method of MainUtils class
[2025-06-30 14:26:59,781] 66 root - INFO - Entered the save_object method of MainUtils class
[2025-06-30 14:26:59,783] 70 root - INFO - Exited the save_object method of MainUtils class
[2025-06-30 14:26:59,783] 37 root - INFO - Data Transformation Artifact Created Successfully
[2025-06-30 14:26:59,783] 39 root - INFO - Data Transformation Pipeline Completed Successfully
[2025-06-30 14:26:59,783] 41 root - INFO - Model Trainer Pipeline Started
[2025-06-30 14:26:59,783] 145 root - INFO - Loading transformed train and test data.
