[2025-06-30 13:26:01,598] 18 root - INFO - Starting Data Ingestion Pipeline
[2025-06-30 13:26:01,598] 97 root - INFO - Starting data ingestion process
[2025-06-30 13:26:01,598] 36 root - INFO - Exporting collection to DataFrame
[2025-06-30 13:26:03,398] 99 root - INFO - Data exported from MongoDB collection successfully
[2025-06-30 13:26:03,441] 64 root - INFO - Data exported to feature store at Artifacts\2025-06-30-13-25-59\data_ingestion\feature_store\phisingData.csv
[2025-06-30 13:26:03,453] 101 root - INFO - Data exported to feature store successfully
[2025-06-30 13:26:03,455] 80 root - INFO - Performed train-test split on the DataFrame
[2025-06-30 13:26:03,455] 82 root - INFO - Exited split_data_as_train_test method of Data_Ingestion class
[2025-06-30 13:26:03,457] 86 root - INFO - Exporting train and test file paths
[2025-06-30 13:26:03,491] 89 root - INFO - Train and test data exported to Artifacts\2025-06-30-13-25-59\data_ingestion\ingested\train.csv and Artifacts\2025-06-30-13-25-59\data_ingestion\ingested\test.csv
[2025-06-30 13:26:03,491] 103 root - INFO - Data split into training and testing sets successfully
[2025-06-30 13:26:03,491] 20 root - INFO - Data Ingestion Artifact Created Successfully
[2025-06-30 13:26:03,510] 26 root - INFO - Starting Data Validation Pipeline
[2025-06-30 13:26:03,510] 27 root - INFO - Data Ingestion Pipeline Completed Successfully
[2025-06-30 13:26:03,510] 92 root - INFO - Starting data validation
[2025-06-30 13:26:03,598] 99 root - INFO - Data loaded successfully for validation
[2025-06-30 13:26:03,598] 39 root - INFO - Expected number of columns: 2, Actual number of columns: 31
[2025-06-30 13:26:03,598] 39 root - INFO - Expected number of columns: 2, Actual number of columns: 31
[2025-06-30 13:26:03,740] 30 root - INFO - Data Validation Artifact Created Successfully
[2025-06-30 13:26:03,740] 35 root - INFO - Starting Data Transformation Pipeline
[2025-06-30 13:26:03,740] 60 root - INFO - Entered initiate_data_transformation method of DataTransformation class
[2025-06-30 13:26:03,740] 62 root - INFO - Starting data transformation
[2025-06-30 13:26:03,842] 45 root - INFO - Entered get_data_trnasformer_object method of Trnasformation class
[2025-06-30 13:26:03,842] 50 root - INFO - Initialise KNNImputer with {'missing_values': nan, 'n_neighbors': 3, 'weights': 'uniform'}
[2025-06-30 13:26:03,858] 66 root - INFO - Entered the save_object method of MainUtils class
[2025-06-30 13:26:03,868] 70 root - INFO - Exited the save_object method of MainUtils class
[2025-06-30 13:26:03,868] 66 root - INFO - Entered the save_object method of MainUtils class
[2025-06-30 13:26:03,872] 70 root - INFO - Exited the save_object method of MainUtils class
[2025-06-30 13:26:03,873] 37 root - INFO - Data Transformation Artifact Created Successfully
[2025-06-30 13:26:03,873] 39 root - INFO - Data Transformation Pipeline Completed Successfully
[2025-06-30 13:26:03,874] 41 root - INFO - Model Trainer Pipeline Started
[2025-06-30 13:26:03,874] 110 root - INFO - Loading transformed train and test data.
[2025-06-30 13:29:55,520] 82 root - INFO - Entered the load_object method of MainUtils class
[2025-06-30 13:29:55,543] 66 root - INFO - Entered the save_object method of MainUtils class
[2025-06-30 13:29:55,610] 70 root - INFO - Exited the save_object method of MainUtils class
[2025-06-30 13:29:55,610] 98 root - INFO - Model Trainer Artifact: ModelTrainerArtifact(trained_model_file_path='Artifacts\\2025-06-30-13-25-59\\model_trainer\\trained_model\\model.pkl', train_metric_artifact=ClassificationMetricArtifact(f1_score=0.9915573186857899, precision=0.9888415500101441, recall=0.9942880456956344), test_metric_artifact=ClassificationMetricArtifact(f1_score=0.9723320158102767, precision=0.9647058823529412, recall=0.9800796812749004))
[2025-06-30 13:29:55,615] 125 root - INFO - Model Trainer Artifact: ModelTrainerArtifact(trained_model_file_path='Artifacts\\2025-06-30-13-25-59\\model_trainer\\trained_model\\model.pkl', train_metric_artifact=ClassificationMetricArtifact(f1_score=0.9915573186857899, precision=0.9888415500101441, recall=0.9942880456956344), test_metric_artifact=ClassificationMetricArtifact(f1_score=0.9723320158102767, precision=0.9647058823529412, recall=0.9800796812749004))
[2025-06-30 13:29:55,616] 46 root - INFO - Model Trainer Artifact Created Successfully
[2025-06-30 13:29:55,616] 48 root - INFO - Model Trainer Pipeline Completed Successfully
